[19544:2900:1228/010757.944:INFO:CONSOLE(0)] "Access to fetch at 'https://s16.tiktokcdn.com/musical/resource/mtact/static/fonts/Proxima-Nova-Bold.woff2' from origin 'https://www.tiktok.com' has been blocked by CORS policy: No 'Access-Control-Allow-Origin' header is present on the requested resource. If an opaque response serves your needs, set the request's mode to 'no-cors' to fetch the resource with CORS disabled.", source:  (0)
[19544:2900:1228/010757.944:INFO:CONSOLE(0)] "The FetchEvent for "https://s16.tiktokcdn.com/musical/resource/mtact/static/fonts/Proxima-Nova-Bold.woff2" resulted in a network error response: the promise was rejected.", source:  (0)
[19544:2900:1228/010757.944:INFO:CONSOLE(1)] "Uncaught (in promise) no-response: no-response :: [{"url":"https://s16.tiktokcdn.com/musical/resource/mtact/static/fonts/Proxima-Nova-Bold.woff2","error":{}}]", source: https://storage.googleapis.com/workbox-cdn/releases/4.3.1/workbox-strategies.prod.js (1)
[19544:2900:1228/010758.028:INFO:CONSOLE(0)] "Access to fetch at 'https://s16.tiktokcdn.com/musical/resource/mtact/static/fonts/Proxima-Nova-Bold.woff' from origin 'https://www.tiktok.com' has been blocked by CORS policy: No 'Access-Control-Allow-Origin' header is present on the requested resource. If an opaque response serves your needs, set the request's mode to 'no-cors' to fetch the resource with CORS disabled.", source:  (0)
[19544:2900:1228/010758.029:INFO:CONSOLE(0)] "The FetchEvent for "https://s16.tiktokcdn.com/musical/resource/mtact/static/fonts/Proxima-Nova-Bold.woff" resulted in a network error response: the promise was rejected.", source:  (0)
[19544:2900:1228/010758.029:INFO:CONSOLE(1)] "Uncaught (in promise) no-response: no-response :: [{"url":"https://s16.tiktokcdn.com/musical/resource/mtact/static/fonts/Proxima-Nova-Bold.woff","error":{}}]", source: https://storage.googleapis.com/workbox-cdn/releases/4.3.1/workbox-strategies.prod.js (1)
[19544:2900:1228/010758.034:INFO:CONSOLE(1)] "%c [object HTMLImageElement]", source: https://sf16-secsdk-sg.ibytedtos.com//obj/rc-web-sdk-sg/acrawler.js (1)
[19544:2900:1228/010758.228:INFO:CONSOLE(1)] "", source: https://s20.tiktokcdn.com/tiktok/common/init.js?seed=AIBik6h2AQAAaDSJqsXsNdTlhgmKd_ZCqpt_ohVUKmYFz78x0s3azpRTDYPV&hTc6j8Njvn--z=q (1)
[19544:2900:1228/010758.284:INFO:CONSOLE(1)] "%c [object HTMLImageElement]", source: https://sf16-secsdk-sg.ibytedtos.com//obj/rc-web-sdk-sg/acrawler.js (1)
[19544:2900:1228/010758.310:INFO:CONSOLE(1)] "%c [object HTMLImageElement]", source: https://sf16-secsdk-sg.ibytedtos.com//obj/rc-web-sdk-sg/acrawler.js (1)
[19544:2900:1228/010758.335:INFO:CONSOLE(1)] "%c [object HTMLImageElement]", source: https://sf16-secsdk-sg.ibytedtos.com//obj/rc-web-sdk-sg/acrawler.js (1)
[19544:2900:1228/010758.379:INFO:CONSOLE(1)] "%c [object HTMLImageElement]", source: https://sf16-secsdk-sg.ibytedtos.com//obj/rc-web-sdk-sg/acrawler.js (1)
[19544:2900:1228/010758.457:INFO:CONSOLE(0)] "Access to XMLHttpRequest at 'https://m.tiktok.com/api/item_list/?aid=1988&app_name=tiktok_web&device_platform=web&referer=&root_referer=&user_agent=Mozilla%2F5.0+(Windows+NT+10.0%3B+Win64%3B+x64)+AppleWebKit%2F537.36+(KHTML,+like+Gecko)+Chrome%2F87.0.4280.88+Safari%2F537.36&cookie_enabled=true&screen_width=1080&screen_height=1920&browser_language=en-US&browser_platform=Win32&browser_name=Mozilla&browser_version=5.0+(Windows+NT+10.0%3B+Win64%3B+x64)+AppleWebKit%2F537.36+(KHTML,+like+Gecko)+Chrome%2F87.0.4280.88+Safari%2F537.36&browser_online=true&ac=4g&timezone_name=America%2FLos_Angeles&priority_region=&verifyFp=verify_kj8c9ktk_ikrxf3Eg_chgW_4RyR_BeW1_JMLRe5mjcjih&appId=1233&region=US&appType=m&isAndroid=false&isMobile=false&isIOS=false&OS=windows&did=6911208603932542469&count=30&id=1&secUid=&maxCursor=1&minCursor=0&sourceType=12&language=en&_signature=_02B4Z6wo00f019vG3bAAAIDBB4KgwGCBSr.bx.kAAKkic3' from origin 'https://www.tiktok.com' has been blocked by CORS policy: No 'Access-Control-Allow-Origin' header is present on the requested resource.", source: https://www.tiktok.com/foryou (0)
[19544:2900:1228/010759.202:INFO:CONSOLE(0)] "ResizeObserver loop limit exceeded", source: https://www.tiktok.com/foryou (0)
[19544:2900:1228/010759.700:INFO:CONSOLE(1)] "%c [object HTMLImageElement]", source: https://sf16-secsdk-sg.ibytedtos.com//obj/rc-web-sdk-sg/acrawler.js (1)
[19544:2900:1228/010759.804:INFO:CONSOLE(1)] "%c [object HTMLImageElement]", source: https://sf16-secsdk-sg.ibytedtos.com//obj/rc-web-sdk-sg/acrawler.js (1)
[19544:2900:1228/010759.823:INFO:CONSOLE(1)] "%c [object HTMLImageElement]", source: https://sf16-secsdk-sg.ibytedtos.com//obj/rc-web-sdk-sg/acrawler.js (1)
[19544:2900:1228/010759.847:INFO:CONSOLE(1)] "%c [object HTMLImageElement]", source: https://sf16-secsdk-sg.ibytedtos.com//obj/rc-web-sdk-sg/acrawler.js (1)
[19544:2900:1228/010802.865:ERROR:device_event_log_impl.cc(211)] [01:08:02.865] Bluetooth: bluetooth_adapter_winrt.cc:1073 Getting Default Adapter failed.
[19544:2900:1228/010804.647:INFO:CONSOLE(1)] "%c [object HTMLImageElement]", source: https://sf16-secsdk-sg.ibytedtos.com//obj/rc-web-sdk-sg/acrawler.js (1)
[19544:2900:1228/010809.091:INFO:CONSOLE(1)] "%c [object HTMLImageElement]", source: https://sf16-secsdk-sg.ibytedtos.com//obj/rc-web-sdk-sg/acrawler.js (1)
[19544:2900:1228/010809.151:INFO:CONSOLE(1)] "%c [object HTMLImageElement]", source: https://sf16-secsdk-sg.ibytedtos.com//obj/rc-web-sdk-sg/acrawler.js (1)
[19544:2900:1228/010809.180:INFO:CONSOLE(1)] "%c [object HTMLImageElement]", source: https://sf16-secsdk-sg.ibytedtos.com//obj/rc-web-sdk-sg/acrawler.js (1)
[19544:2900:1228/010809.204:INFO:CONSOLE(1)] "%c [object HTMLImageElement]", source: https://sf16-secsdk-sg.ibytedtos.com//obj/rc-web-sdk-sg/acrawler.js (1)
[19544:2900:1228/010809.222:INFO:CONSOLE(1)] "%c [object HTMLImageElement]", source: https://sf16-secsdk-sg.ibytedtos.com//obj/rc-web-sdk-sg/acrawler.js (1)
[19544:2900:1228/010809.274:INFO:CONSOLE(1)] "%c [object HTMLImageElement]", source: https://sf16-secsdk-sg.ibytedtos.com//obj/rc-web-sdk-sg/acrawler.js (1)
[19544:2900:1228/010809.279:INFO:CONSOLE(0)] "Access to fetch at 'https://s16.tiktokcdn.com/musical/resource/mtact/static/fonts/Proxima-Nova-Bold.woff2' from origin 'https://www.tiktok.com' has been blocked by CORS policy: No 'Access-Control-Allow-Origin' header is present on the requested resource. If an opaque response serves your needs, set the request's mode to 'no-cors' to fetch the resource with CORS disabled.", source:  (0)
[19544:2900:1228/010809.279:INFO:CONSOLE(0)] "The FetchEvent for "https://s16.tiktokcdn.com/musical/resource/mtact/static/fonts/Proxima-Nova-Bold.woff2" resulted in a network error response: the promise was rejected.", source:  (0)
[19544:2900:1228/010809.279:INFO:CONSOLE(1)] "Uncaught (in promise) no-response: no-response :: [{"url":"https://s16.tiktokcdn.com/musical/resource/mtact/static/fonts/Proxima-Nova-Bold.woff2","error":{}}]", source: https://storage.googleapis.com/workbox-cdn/releases/4.3.1/workbox-strategies.prod.js (1)
[19544:2900:1228/010809.353:INFO:CONSOLE(0)] "Access to fetch at 'https://s16.tiktokcdn.com/musical/resource/mtact/static/fonts/Proxima-Nova-Bold.woff' from origin 'https://www.tiktok.com' has been blocked by CORS policy: No 'Access-Control-Allow-Origin' header is present on the requested resource. If an opaque response serves your needs, set the request's mode to 'no-cors' to fetch the resource with CORS disabled.", source:  (0)
[19544:2900:1228/010809.353:INFO:CONSOLE(0)] "The FetchEvent for "https://s16.tiktokcdn.com/musical/resource/mtact/static/fonts/Proxima-Nova-Bold.woff" resulted in a network error response: the promise was rejected.", source:  (0)
[19544:2900:1228/010809.353:INFO:CONSOLE(1)] "Uncaught (in promise) no-response: no-response :: [{"url":"https://s16.tiktokcdn.com/musical/resource/mtact/static/fonts/Proxima-Nova-Bold.woff","error":{}}]", source: https://storage.googleapis.com/workbox-cdn/releases/4.3.1/workbox-strategies.prod.js (1)
[19544:2900:1228/010809.392:INFO:CONSOLE(1)] "", source: https://s20.tiktokcdn.com/tiktok/common/init.js?seed=AIBik6h2AQAAaDSJqsXsNdTlhgmKd_ZCqpt_ohVUKmYFz78x0s3azpRTDYPV&hTc6j8Njvn--z=q (1)
[19544:2900:1228/010811.500:INFO:CONSOLE(1)] "%c [object HTMLImageElement]", source: https://sf16-secsdk-sg.ibytedtos.com//obj/rc-web-sdk-sg/acrawler.js (1)
[19544:2900:1228/010811.628:INFO:CONSOLE(1)] "%c [object HTMLImageElement]", source: https://sf16-secsdk-sg.ibytedtos.com//obj/rc-web-sdk-sg/acrawler.js (1)
[19544:2900:1228/010811.750:INFO:CONSOLE(1)] "%c [object HTMLImageElement]", source: https://sf16-secsdk-sg.ibytedtos.com//obj/rc-web-sdk-sg/acrawler.js (1)
[19544:2900:1228/010813.003:INFO:CONSOLE(0)] "ResizeObserver loop limit exceeded", source: https://www.tiktok.com/@bestmovieclips6/video/6911231288787700997?lang=en (0)
[19544:2900:1228/010813.034:INFO:CONSOLE(0)] "ResizeObserver loop limit exceeded", source: https://www.tiktok.com/@bestmovieclips6/video/6911231288787700997?lang=en (0)
[19544:2900:1228/010813.447:INFO:CONSOLE(0)] "ResizeObserver loop limit exceeded", source: https://www.tiktok.com/@bestmovieclips6/video/6911231288787700997?lang=en (0)
[19544:2900:1228/010813.980:INFO:CONSOLE(0)] "ResizeObserver loop limit exceeded", source: https://www.tiktok.com/@bestmovieclips6/video/6911231288787700997?lang=en (0)
[19544:2900:1228/010819.357:INFO:CONSOLE(1)] "%c [object HTMLImageElement]", source: https://sf16-secsdk-sg.ibytedtos.com//obj/rc-web-sdk-sg/acrawler.js (1)
[19544:2900:1228/010819.594:INFO:CONSOLE(1)] "%c [object HTMLImageElement]", source: https://sf16-secsdk-sg.ibytedtos.com//obj/rc-web-sdk-sg/acrawler.js (1)
[19544:2900:1228/010819.695:INFO:CONSOLE(0)] "Access to XMLHttpRequest at 'https://m.tiktok.com/api/item_list/?aid=1988&app_name=tiktok_web&device_platform=web&referer=https:%2F%2Fwww.tiktok.com%2Fupload%2F%3Flang%3Den&root_referer=https:%2F%2Fwww.tiktok.com%2Fforyou&user_agent=Mozilla%2F5.0+(Windows+NT+10.0%3B+Win64%3B+x64)+AppleWebKit%2F537.36+(KHTML,+like+Gecko)+Chrome%2F87.0.4280.88+Safari%2F537.36&cookie_enabled=true&screen_width=1080&screen_height=1920&browser_language=en-US&browser_platform=Win32&browser_name=Mozilla&browser_version=5.0+(Windows+NT+10.0%3B+Win64%3B+x64)+AppleWebKit%2F537.36+(KHTML,+like+Gecko)+Chrome%2F87.0.4280.88+Safari%2F537.36&browser_online=true&ac=4g&timezone_name=America%2FLos_Angeles&page_referer=https:%2F%2Fwww.tiktok.com%2Fupload%2F%3Flang%3Den&priority_region=&verifyFp=verify_kj8c9ktk_ikrxf3Eg_chgW_4RyR_BeW1_JMLRe5mjcjih&appId=1233&region=US&appType=m&isAndroid=false&isMobile=false&isIOS=false&OS=windows&did=6911208603932542469&count=30&id=6911093962208609285&secUid=MS4wLjABAAAAd8tINnYOyJDHj8p-7v5zSNwmSoCfLlFrtzPJu8GKjYK_31AzzZldfeLdbzYiVRFb&maxCursor=0&minCursor=0&sourceType=8&language=en&_signature=_02B4Z6wo00901xGZCigAAIDBzd13WY27R8sRmC6AAJuZ45' from origin 'https://www.tiktok.com' has been blocked by CORS policy: No 'Access-Control-Allow-Origin' header is present on the requested resource.", source: https://www.tiktok.com/@bestmovieclips6?lang=en (0)
[19544:2900:1228/010821.437:INFO:CONSOLE(0)] "ResizeObserver loop limit exceeded", source: https://www.tiktok.com/@bestmovieclips6?lang=en (0)
[19544:2900:1228/010822.601:INFO:CONSOLE(1)] "%c [object HTMLImageElement]", source: https://sf16-secsdk-sg.ibytedtos.com//obj/rc-web-sdk-sg/acrawler.js (1)
[19544:2900:1228/010822.707:INFO:CONSOLE(1)] "%c [object HTMLImageElement]", source: https://sf16-secsdk-sg.ibytedtos.com//obj/rc-web-sdk-sg/acrawler.js (1)
[19544:2900:1228/010822.724:INFO:CONSOLE(1)] "%c [object HTMLImageElement]", source: https://sf16-secsdk-sg.ibytedtos.com//obj/rc-web-sdk-sg/acrawler.js (1)
[19544:2900:1228/010822.749:INFO:CONSOLE(1)] "%c [object HTMLImageElement]", source: https://sf16-secsdk-sg.ibytedtos.com//obj/rc-web-sdk-sg/acrawler.js (1)
[19544:2900:1228/011029.071:INFO:CONSOLE(1)] "init video listeners", source: https://static.123apps.com/videocutter/v2/js/app.js?77abf (1)
[19544:2900:1228/011029.103:INFO:CONSOLE(0)] "[DOM] Password forms should have (optionally hidden) username fields for accessibility: (More info: https://goo.gl/9p2vKq) %o", source: https://online-video-cutter.com/ (0)
